2019-10-06 16:48:02.775  INFO 14568 --- [main] c.a.dubbo.common.logger.LoggerFactory    : using logger: com.alibaba.dubbo.common.logger.slf4j.Slf4jLoggerAdapter
2019-10-06 16:48:02.779  INFO 14568 --- [main] a.b.d.c.e.WelcomeLogoApplicationListener : 

 :: Dubbo Spring Boot (v0.2.0) : https://github.com/apache/incubator-dubbo-spring-boot-project
 :: Dubbo (v2.6.2) : https://github.com/apache/incubator-dubbo
 :: Google group : dev@dubbo.incubator.apache.org

2019-10-06 16:48:02.784  INFO 14568 --- [main] e.OverrideDubboConfigApplicationListener : Dubbo Config was overridden by externalized configuration {dubbo.application.id=enter-print-id-1, dubbo.application.name=enter-print-1, dubbo.monitor.protocol=registry, dubbo.protocol.name=dubbo, dubbo.protocol.port=10443, dubbo.registry.address=redis://39.108.232.17:6379, dubbo.registry.id=redis, dubbo.registry.password=838860376abc, dubbo.registry.protocol=redis, dubbo.registry.username=root, dubbo.scan.base-packages=com.enter.prin}
2019-10-06 16:48:02.881  WARN 14568 --- [main] ory$DuplicateJsonObjectContextCustomizer : 

Found multiple occurrences of org.json.JSONObject on the class path:

	jar:file:/D:/JAVA/Maven/apache-maven-3.3.9-repository/org/json/json/20170516/json-20170516.jar!/org/json/JSONObject.class
	jar:file:/D:/JAVA/Maven/apache-maven-3.3.9-repository/com/vaadin/external/google/android-json/0.0.20131108.vaadin1/android-json-0.0.20131108.vaadin1.jar!/org/json/JSONObject.class

You may wish to exclude one of them to ensure predictable runtime behavior

2019-10-06 16:48:02.899  INFO 14568 --- [main] com.enter.print.SpringTest               : Starting SpringTest on DESKTOP-HP47L6V with PID 14568 (started by GR in D:\ideaWorkPlace\enter-print-parent\print-controller)
2019-10-06 16:48:02.899  INFO 14568 --- [main] com.enter.print.SpringTest               : No active profile set, falling back to default profiles: default
2019-10-06 16:48:03.893  INFO 14568 --- [main] .a.d.c.s.c.a.DubboConfigBindingRegistrar : The dubbo config bean definition [name : enter-print-id-1, class : com.alibaba.dubbo.config.ApplicationConfig] has been registered.
2019-10-06 16:48:03.893  INFO 14568 --- [main] .a.d.c.s.c.a.DubboConfigBindingRegistrar : The BeanPostProcessor bean definition [com.alibaba.dubbo.config.spring.beans.factory.annotation.DubboConfigBindingBeanPostProcessor] for dubbo config bean [name : enter-print-id-1] has been registered.
2019-10-06 16:48:03.894  INFO 14568 --- [main] .a.d.c.s.c.a.DubboConfigBindingRegistrar : The dubbo config bean definition [name : redis, class : com.alibaba.dubbo.config.RegistryConfig] has been registered.
2019-10-06 16:48:03.894  INFO 14568 --- [main] .a.d.c.s.c.a.DubboConfigBindingRegistrar : The BeanPostProcessor bean definition [com.alibaba.dubbo.config.spring.beans.factory.annotation.DubboConfigBindingBeanPostProcessor] for dubbo config bean [name : redis] has been registered.
2019-10-06 16:48:03.894  INFO 14568 --- [main] .a.d.c.s.c.a.DubboConfigBindingRegistrar : The dubbo config bean definition [name : com.alibaba.dubbo.config.ProtocolConfig#0, class : com.alibaba.dubbo.config.ProtocolConfig] has been registered.
2019-10-06 16:48:03.894  INFO 14568 --- [main] .a.d.c.s.c.a.DubboConfigBindingRegistrar : The BeanPostProcessor bean definition [com.alibaba.dubbo.config.spring.beans.factory.annotation.DubboConfigBindingBeanPostProcessor] for dubbo config bean [name : com.alibaba.dubbo.config.ProtocolConfig#0] has been registered.
2019-10-06 16:48:03.894  INFO 14568 --- [main] .a.d.c.s.c.a.DubboConfigBindingRegistrar : The dubbo config bean definition [name : com.alibaba.dubbo.config.MonitorConfig#0, class : com.alibaba.dubbo.config.MonitorConfig] has been registered.
2019-10-06 16:48:03.894  INFO 14568 --- [main] .a.d.c.s.c.a.DubboConfigBindingRegistrar : The BeanPostProcessor bean definition [com.alibaba.dubbo.config.spring.beans.factory.annotation.DubboConfigBindingBeanPostProcessor] for dubbo config bean [name : com.alibaba.dubbo.config.MonitorConfig#0] has been registered.
2019-10-06 16:48:04.124  INFO 14568 --- [main] .s.d.r.c.RepositoryConfigurationDelegate : Multiple Spring Data modules found, entering strict repository configuration mode!
2019-10-06 16:48:04.129  INFO 14568 --- [main] .s.d.r.c.RepositoryConfigurationDelegate : Bootstrapping Spring Data repositories in DEFAULT mode.
2019-10-06 16:48:04.258  INFO 14568 --- [main] .s.d.r.c.RepositoryConfigurationDelegate : Finished Spring Data repository scanning in 107ms. Found 0 repository interfaces.
2019-10-06 16:48:04.562  WARN 14568 --- [main] o.m.s.mapper.ClassPathMapperScanner      : Skipping MapperFactoryBean with name 'applyingMerchantMapper' and 'com.enter.print.database.mysql.mybatis.ApplyingMerchantMapper' mapperInterface. Bean already defined with the same name!
2019-10-06 16:48:04.562  WARN 14568 --- [main] o.m.s.mapper.ClassPathMapperScanner      : Skipping MapperFactoryBean with name 'cityMapper' and 'com.enter.print.database.mysql.mybatis.CityMapper' mapperInterface. Bean already defined with the same name!
2019-10-06 16:48:04.562  WARN 14568 --- [main] o.m.s.mapper.ClassPathMapperScanner      : Skipping MapperFactoryBean with name 'collectionMapper' and 'com.enter.print.database.mysql.mybatis.CollectionMapper' mapperInterface. Bean already defined with the same name!
2019-10-06 16:48:04.563  WARN 14568 --- [main] o.m.s.mapper.ClassPathMapperScanner      : Skipping MapperFactoryBean with name 'districtMapper' and 'com.enter.print.database.mysql.mybatis.DistrictMapper' mapperInterface. Bean already defined with the same name!
2019-10-06 16:48:04.563  WARN 14568 --- [main] o.m.s.mapper.ClassPathMapperScanner      : Skipping MapperFactoryBean with name 'merchantMapper' and 'com.enter.print.database.mysql.mybatis.MerchantMapper' mapperInterface. Bean already defined with the same name!
2019-10-06 16:48:04.563  WARN 14568 --- [main] o.m.s.mapper.ClassPathMapperScanner      : Skipping MapperFactoryBean with name 'printServiceMapper' and 'com.enter.print.database.mysql.mybatis.PrintServiceMapper' mapperInterface. Bean already defined with the same name!
2019-10-06 16:48:04.563  WARN 14568 --- [main] o.m.s.mapper.ClassPathMapperScanner      : Skipping MapperFactoryBean with name 'printUserMapper' and 'com.enter.print.database.mysql.mybatis.PrintUserMapper' mapperInterface. Bean already defined with the same name!
2019-10-06 16:48:04.563  WARN 14568 --- [main] o.m.s.mapper.ClassPathMapperScanner      : Skipping MapperFactoryBean with name 'schoolMapper' and 'com.enter.print.database.mysql.mybatis.SchoolMapper' mapperInterface. Bean already defined with the same name!
2019-10-06 16:48:04.564  WARN 14568 --- [main] o.m.s.mapper.ClassPathMapperScanner      : Skipping MapperFactoryBean with name 'testMapper' and 'com.enter.print.database.mysql.mybatis.TestMapper' mapperInterface. Bean already defined with the same name!
2019-10-06 16:48:04.565  WARN 14568 --- [main] o.m.s.mapper.ClassPathMapperScanner      : No MyBatis mapper was found in '[com.enter.print]' package. Please check your configuration.
2019-10-06 16:48:04.842  INFO 14568 --- [main] trationDelegate$BeanPostProcessorChecker : Bean 'com.alibaba.boot.dubbo.autoconfigure.DubboAutoConfiguration' of type [com.alibaba.boot.dubbo.autoconfigure.DubboAutoConfiguration$$EnhancerBySpringCGLIB$$8248be97] is not eligible for getting processed by all BeanPostProcessors (for example: not eligible for auto-proxying)
2019-10-06 16:48:05.003  INFO 14568 --- [main] trationDelegate$BeanPostProcessorChecker : Bean 'org.springframework.transaction.annotation.ProxyTransactionManagementConfiguration' of type [org.springframework.transaction.annotation.ProxyTransactionManagementConfiguration$$EnhancerBySpringCGLIB$$73471925] is not eligible for getting processed by all BeanPostProcessors (for example: not eligible for auto-proxying)
2019-10-06 16:48:05.220  INFO 14568 --- [main] trationDelegate$BeanPostProcessorChecker : Bean 'relaxedDubboConfigBinder' of type [com.alibaba.boot.dubbo.autoconfigure.RelaxedDubboConfigBinder] is not eligible for getting processed by all BeanPostProcessors (for example: not eligible for auto-proxying)
2019-10-06 16:48:05.230  INFO 14568 --- [main] trationDelegate$BeanPostProcessorChecker : Bean 'relaxedDubboConfigBinder' of type [com.alibaba.boot.dubbo.autoconfigure.RelaxedDubboConfigBinder] is not eligible for getting processed by all BeanPostProcessors (for example: not eligible for auto-proxying)
2019-10-06 16:48:05.231  INFO 14568 --- [main] trationDelegate$BeanPostProcessorChecker : Bean 'relaxedDubboConfigBinder' of type [com.alibaba.boot.dubbo.autoconfigure.RelaxedDubboConfigBinder] is not eligible for getting processed by all BeanPostProcessors (for example: not eligible for auto-proxying)
2019-10-06 16:48:05.233  INFO 14568 --- [main] trationDelegate$BeanPostProcessorChecker : Bean 'relaxedDubboConfigBinder' of type [com.alibaba.boot.dubbo.autoconfigure.RelaxedDubboConfigBinder] is not eligible for getting processed by all BeanPostProcessors (for example: not eligible for auto-proxying)
2019-10-06 16:48:08.707  INFO 14568 --- [main] o.s.s.concurrent.ThreadPoolTaskExecutor  : Initializing ExecutorService 'applicationTaskExecutor'
2019-10-06 16:48:09.055  INFO 14568 --- [main] .f.a.DubboConfigBindingBeanPostProcessor : The properties of bean [name : enter-print-id-1] have been binding by prefix of configuration properties : dubbo.application
2019-10-06 16:48:09.065  INFO 14568 --- [main] .f.a.DubboConfigBindingBeanPostProcessor : The properties of bean [name : redis] have been binding by prefix of configuration properties : dubbo.registry
2019-10-06 16:48:09.074  INFO 14568 --- [main] .f.a.DubboConfigBindingBeanPostProcessor : The properties of bean [name : com.alibaba.dubbo.config.ProtocolConfig#0] have been binding by prefix of configuration properties : dubbo.protocol
2019-10-06 16:48:09.085  INFO 14568 --- [main] .f.a.DubboConfigBindingBeanPostProcessor : The properties of bean [name : com.alibaba.dubbo.config.MonitorConfig#0] have been binding by prefix of configuration properties : dubbo.monitor
2019-10-06 16:48:09.137  INFO 14568 --- [main] t.m.m.autoconfigure.MapperCacheDisabler  : Clear tk.mybatis.mapper.util.MsUtil CLASS_CACHE cache.
2019-10-06 16:48:09.138  INFO 14568 --- [main] t.m.m.autoconfigure.MapperCacheDisabler  : Clear tk.mybatis.mapper.genid.GenIdUtil CACHE cache.
2019-10-06 16:48:09.139  INFO 14568 --- [main] t.m.m.autoconfigure.MapperCacheDisabler  : Clear EntityHelper entityTableMap cache.
2019-10-06 16:48:09.788  INFO 14568 --- [main] com.enter.print.SpringTest               : Started SpringTest in 7.632 seconds (JVM running for 9.013)
2019-10-06 16:48:11.243  WARN 14568 --- [main] com.alibaba.dubbo.config.AbstractConfig  :  [DUBBO] null, dubbo version: 2.6.2, current host: 192.168.56.1

java.lang.reflect.InvocationTargetException: null
	at sun.reflect.NativeMethodAccessorImpl.invoke0(Native Method) ~[na:1.8.0_171]
	at sun.reflect.NativeMethodAccessorImpl.invoke(NativeMethodAccessorImpl.java:62) ~[na:1.8.0_171]
	at sun.reflect.DelegatingMethodAccessorImpl.invoke(DelegatingMethodAccessorImpl.java:43) ~[na:1.8.0_171]
	at java.lang.reflect.Method.invoke(Method.java:498) ~[na:1.8.0_171]
	at com.alibaba.dubbo.config.AbstractConfig.toString(AbstractConfig.java:474) ~[dubbo-2.6.2.jar:2.6.2]
	at java.lang.String.valueOf(String.java:2994) [na:1.8.0_171]
	at java.lang.StringBuilder.append(StringBuilder.java:131) [na:1.8.0_171]
	at com.alibaba.dubbo.config.spring.beans.factory.annotation.AbstractAnnotationConfigBeanBuilder.build(AbstractAnnotationConfigBeanBuilder.java:79) [dubbo-2.6.2.jar:2.6.2]
	at com.alibaba.dubbo.config.spring.beans.factory.annotation.ReferenceAnnotationBeanPostProcessor.buildReferenceBean(ReferenceAnnotationBeanPostProcessor.java:385) [dubbo-2.6.2.jar:2.6.2]
	at com.alibaba.dubbo.config.spring.beans.factory.annotation.ReferenceAnnotationBeanPostProcessor.access$100(ReferenceAnnotationBeanPostProcessor.java:65) [dubbo-2.6.2.jar:2.6.2]
	at com.alibaba.dubbo.config.spring.beans.factory.annotation.ReferenceAnnotationBeanPostProcessor$ReferenceFieldElement.inject(ReferenceAnnotationBeanPostProcessor.java:363) [dubbo-2.6.2.jar:2.6.2]
	at org.springframework.beans.factory.annotation.InjectionMetadata.inject(InjectionMetadata.java:90) [spring-beans-5.1.9.RELEASE.jar:5.1.9.RELEASE]
	at com.alibaba.dubbo.config.spring.beans.factory.annotation.ReferenceAnnotationBeanPostProcessor.postProcessPropertyValues(ReferenceAnnotationBeanPostProcessor.java:92) [dubbo-2.6.2.jar:2.6.2]
	at org.springframework.beans.factory.support.AbstractAutowireCapableBeanFactory.populateBean(AbstractAutowireCapableBeanFactory.java:1416) [spring-beans-5.1.9.RELEASE.jar:5.1.9.RELEASE]
	at org.springframework.beans.factory.support.AbstractAutowireCapableBeanFactory.autowireBeanProperties(AbstractAutowireCapableBeanFactory.java:391) [spring-beans-5.1.9.RELEASE.jar:5.1.9.RELEASE]
	at org.springframework.test.context.support.DependencyInjectionTestExecutionListener.injectDependencies(DependencyInjectionTestExecutionListener.java:119) [spring-test-5.1.9.RELEASE.jar:5.1.9.RELEASE]
	at org.springframework.test.context.support.DependencyInjectionTestExecutionListener.prepareTestInstance(DependencyInjectionTestExecutionListener.java:83) [spring-test-5.1.9.RELEASE.jar:5.1.9.RELEASE]
	at org.springframework.boot.test.autoconfigure.SpringBootDependencyInjectionTestExecutionListener.prepareTestInstance(SpringBootDependencyInjectionTestExecutionListener.java:43) [spring-boot-test-autoconfigure-2.1.8.RELEASE.jar:2.1.8.RELEASE]
	at org.springframework.test.context.TestContextManager.prepareTestInstance(TestContextManager.java:246) [spring-test-5.1.9.RELEASE.jar:5.1.9.RELEASE]
	at org.springframework.test.context.junit4.SpringJUnit4ClassRunner.createTest(SpringJUnit4ClassRunner.java:227) [spring-test-5.1.9.RELEASE.jar:5.1.9.RELEASE]
	at org.springframework.test.context.junit4.SpringJUnit4ClassRunner$1.runReflectiveCall(SpringJUnit4ClassRunner.java:289) [spring-test-5.1.9.RELEASE.jar:5.1.9.RELEASE]
	at org.junit.internal.runners.model.ReflectiveCallable.run(ReflectiveCallable.java:12) [junit-4.12.jar:4.12]
	at org.springframework.test.context.junit4.SpringJUnit4ClassRunner.methodBlock(SpringJUnit4ClassRunner.java:291) [spring-test-5.1.9.RELEASE.jar:5.1.9.RELEASE]
	at org.springframework.test.context.junit4.SpringJUnit4ClassRunner.runChild(SpringJUnit4ClassRunner.java:246) [spring-test-5.1.9.RELEASE.jar:5.1.9.RELEASE]
	at org.springframework.test.context.junit4.SpringJUnit4ClassRunner.runChild(SpringJUnit4ClassRunner.java:97) [spring-test-5.1.9.RELEASE.jar:5.1.9.RELEASE]
	at org.junit.runners.ParentRunner$3.run(ParentRunner.java:290) [junit-4.12.jar:4.12]
	at org.junit.runners.ParentRunner$1.schedule(ParentRunner.java:71) [junit-4.12.jar:4.12]
	at org.junit.runners.ParentRunner.runChildren(ParentRunner.java:288) [junit-4.12.jar:4.12]
	at org.junit.runners.ParentRunner.access$000(ParentRunner.java:58) [junit-4.12.jar:4.12]
	at org.junit.runners.ParentRunner$2.evaluate(ParentRunner.java:268) [junit-4.12.jar:4.12]
	at org.springframework.test.context.junit4.statements.RunBeforeTestClassCallbacks.evaluate(RunBeforeTestClassCallbacks.java:61) [spring-test-5.1.9.RELEASE.jar:5.1.9.RELEASE]
	at org.springframework.test.context.junit4.statements.RunAfterTestClassCallbacks.evaluate(RunAfterTestClassCallbacks.java:70) [spring-test-5.1.9.RELEASE.jar:5.1.9.RELEASE]
	at org.junit.runners.ParentRunner.run(ParentRunner.java:363) [junit-4.12.jar:4.12]
	at org.springframework.test.context.junit4.SpringJUnit4ClassRunner.run(SpringJUnit4ClassRunner.java:190) [spring-test-5.1.9.RELEASE.jar:5.1.9.RELEASE]
	at org.junit.runner.JUnitCore.run(JUnitCore.java:137) [junit-4.12.jar:4.12]
	at com.intellij.junit4.JUnit4IdeaTestRunner.startRunnerWithArgs(JUnit4IdeaTestRunner.java:68) [junit-rt.jar:na]
	at com.intellij.rt.execution.junit.IdeaTestRunner$Repeater.startRunnerWithArgs(IdeaTestRunner.java:47) [junit-rt.jar:na]
	at com.intellij.rt.execution.junit.JUnitStarter.prepareStreamsAndStart(JUnitStarter.java:242) [junit-rt.jar:na]
	at com.intellij.rt.execution.junit.JUnitStarter.main(JUnitStarter.java:70) [junit-rt.jar:na]
Caused by: com.alibaba.dubbo.rpc.RpcException: Fail to create remoting client for service(dubbo://localhost:10443/com.enter.print.service.TestService?application=enter-print-1&codec=dubbo&dubbo=2.6.2&heartbeat=60000&interface=com.enter.print.service.TestService&methods=test&pid=14568&register.ip=192.168.56.1&revision=1.0&side=consumer&timestamp=1570351690037&version=1.0): client(url: dubbo://localhost:10443/com.enter.print.service.TestService?application=enter-print-1&codec=dubbo&dubbo=2.6.2&heartbeat=60000&interface=com.enter.print.service.TestService&methods=test&pid=14568&register.ip=192.168.56.1&revision=1.0&side=consumer&timestamp=1570351690037&version=1.0) failed to connect to server localhost/127.0.0.1:10443, error message is:Connection refused: no further information
	at com.alibaba.dubbo.rpc.protocol.dubbo.DubboProtocol.initClient(DubboProtocol.java:412) ~[dubbo-2.6.2.jar:2.6.2]
	at com.alibaba.dubbo.rpc.protocol.dubbo.DubboProtocol.getSharedClient(DubboProtocol.java:377) ~[dubbo-2.6.2.jar:2.6.2]
	at com.alibaba.dubbo.rpc.protocol.dubbo.DubboProtocol.getClients(DubboProtocol.java:354) ~[dubbo-2.6.2.jar:2.6.2]
	at com.alibaba.dubbo.rpc.protocol.dubbo.DubboProtocol.refer(DubboProtocol.java:336) ~[dubbo-2.6.2.jar:2.6.2]
	at com.alibaba.dubbo.rpc.protocol.ProtocolListenerWrapper.refer(ProtocolListenerWrapper.java:67) ~[dubbo-2.6.2.jar:2.6.2]
	at com.alibaba.dubbo.rpc.protocol.ProtocolFilterWrapper.refer(ProtocolFilterWrapper.java:108) ~[dubbo-2.6.2.jar:2.6.2]
	at com.alibaba.dubbo.qos.protocol.QosProtocolWrapper.refer(QosProtocolWrapper.java:65) ~[dubbo-2.6.2.jar:2.6.2]
	at com.alibaba.dubbo.rpc.Protocol$Adaptive.refer(Protocol$Adaptive.java) ~[dubbo-2.6.2.jar:2.6.2]
	at com.alibaba.dubbo.config.ReferenceConfig.createProxy(ReferenceConfig.java:394) ~[dubbo-2.6.2.jar:2.6.2]
	at com.alibaba.dubbo.config.ReferenceConfig.init(ReferenceConfig.java:333) ~[dubbo-2.6.2.jar:2.6.2]
	at com.alibaba.dubbo.config.ReferenceConfig.get(ReferenceConfig.java:163) ~[dubbo-2.6.2.jar:2.6.2]
	at com.alibaba.dubbo.config.spring.ReferenceBean.getObject(ReferenceBean.java:66) ~[dubbo-2.6.2.jar:2.6.2]
	... 39 common frames omitted
Caused by: com.alibaba.dubbo.remoting.RemotingException: client(url: dubbo://localhost:10443/com.enter.print.service.TestService?application=enter-print-1&codec=dubbo&dubbo=2.6.2&heartbeat=60000&interface=com.enter.print.service.TestService&methods=test&pid=14568&register.ip=192.168.56.1&revision=1.0&side=consumer&timestamp=1570351690037&version=1.0) failed to connect to server localhost/127.0.0.1:10443, error message is:Connection refused: no further information
	at com.alibaba.dubbo.remoting.transport.netty.NettyClient.doConnect(NettyClient.java:124) ~[dubbo-2.6.2.jar:2.6.2]
	at com.alibaba.dubbo.remoting.transport.AbstractClient.connect(AbstractClient.java:275) ~[dubbo-2.6.2.jar:2.6.2]
	at com.alibaba.dubbo.remoting.transport.AbstractClient.<init>(AbstractClient.java:89) ~[dubbo-2.6.2.jar:2.6.2]
	at com.alibaba.dubbo.remoting.transport.netty.NettyClient.<init>(NettyClient.java:59) ~[dubbo-2.6.2.jar:2.6.2]
	at com.alibaba.dubbo.remoting.transport.netty.NettyTransporter.connect(NettyTransporter.java:37) ~[dubbo-2.6.2.jar:2.6.2]
	at com.alibaba.dubbo.remoting.Transporter$Adaptive.connect(Transporter$Adaptive.java) ~[dubbo-2.6.2.jar:2.6.2]
	at com.alibaba.dubbo.remoting.Transporters.connect(Transporters.java:75) ~[dubbo-2.6.2.jar:2.6.2]
	at com.alibaba.dubbo.remoting.exchange.support.header.HeaderExchanger.connect(HeaderExchanger.java:39) ~[dubbo-2.6.2.jar:2.6.2]
	at com.alibaba.dubbo.remoting.exchange.Exchangers.connect(Exchangers.java:109) ~[dubbo-2.6.2.jar:2.6.2]
	at com.alibaba.dubbo.rpc.protocol.dubbo.DubboProtocol.initClient(DubboProtocol.java:409) ~[dubbo-2.6.2.jar:2.6.2]
	... 50 common frames omitted
Caused by: java.net.ConnectException: Connection refused: no further information
	at sun.nio.ch.SocketChannelImpl.checkConnect(Native Method) ~[na:1.8.0_171]
	at sun.nio.ch.SocketChannelImpl.finishConnect(SocketChannelImpl.java:717) ~[na:1.8.0_171]
	at org.jboss.netty.channel.socket.nio.NioClientSocketPipelineSink$Boss.connect(NioClientSocketPipelineSink.java:384) ~[netty-3.2.5.Final.jar:na]
	at org.jboss.netty.channel.socket.nio.NioClientSocketPipelineSink$Boss.processSelectedKeys(NioClientSocketPipelineSink.java:354) ~[netty-3.2.5.Final.jar:na]
	at org.jboss.netty.channel.socket.nio.NioClientSocketPipelineSink$Boss.run(NioClientSocketPipelineSink.java:276) ~[netty-3.2.5.Final.jar:na]
	at java.util.concurrent.ThreadPoolExecutor.runWorker(ThreadPoolExecutor.java:1149) ~[na:1.8.0_171]
	at java.util.concurrent.ThreadPoolExecutor$Worker.run(ThreadPoolExecutor.java:624) ~[na:1.8.0_171]
	at java.lang.Thread.run(Thread.java:748) ~[na:1.8.0_171]

2019-10-06 16:48:11.246  INFO 14568 --- [main] c.a.d.c.s.b.f.a.ReferenceBeanBuilder     : <dubbo:reference singleton="true" url="dubbo://localhost:10443" uniqueServiceName="com.enter.print.service.TestService:1.0" interface="com.enter.print.service.TestService" generic="false" version="1.0" id="com.enter.print.service.TestService" /> has been built.
2019-10-06 16:48:11.527  INFO 14568 --- [DubboShutdownHook] com.alibaba.dubbo.config.AbstractConfig  :  [DUBBO] Run shutdown hook now., dubbo version: 2.6.2, current host: 192.168.56.1
2019-10-06 16:48:11.531  INFO 14568 --- [DubboShutdownHook] c.a.d.r.support.AbstractRegistryFactory  :  [DUBBO] Close all registries [], dubbo version: 2.6.2, current host: 192.168.56.1
2019-10-06 16:48:11.533  INFO 14568 --- [Thread-2] o.s.s.concurrent.ThreadPoolTaskExecutor  : Shutting down ExecutorService 'applicationTaskExecutor'
2019-10-06 16:48:11.569  INFO 14568 --- [Thread-2] f.a.ReferenceAnnotationBeanPostProcessor : <dubbo:reference singleton="true" url="dubbo://localhost:10443" uniqueServiceName="com.enter.print.service.TestService:1.0" interface="com.enter.print.service.TestService" generic="false" version="1.0" id="com.enter.print.service.TestService" /> was destroying!
2019-10-06 16:48:11.569  INFO 14568 --- [Thread-2] f.a.ReferenceAnnotationBeanPostProcessor : class com.alibaba.dubbo.config.spring.beans.factory.annotation.ReferenceAnnotationBeanPostProcessor was destroying!
2019-10-06 16:49:16.105  INFO 15328 --- [main] c.a.dubbo.common.logger.LoggerFactory    : using logger: com.alibaba.dubbo.common.logger.slf4j.Slf4jLoggerAdapter
2019-10-06 16:49:16.108  INFO 15328 --- [main] a.b.d.c.e.WelcomeLogoApplicationListener : 

 :: Dubbo Spring Boot (v0.2.0) : https://github.com/apache/incubator-dubbo-spring-boot-project
 :: Dubbo (v2.6.2) : https://github.com/apache/incubator-dubbo
 :: Google group : dev@dubbo.incubator.apache.org

2019-10-06 16:49:16.113  INFO 15328 --- [main] e.OverrideDubboConfigApplicationListener : Dubbo Config was overridden by externalized configuration {dubbo.application.id=enter-print-id-1, dubbo.application.name=enter-print-1, dubbo.monitor.protocol=registry, dubbo.protocol.name=dubbo, dubbo.protocol.port=10443, dubbo.registry.address=redis://39.108.232.17:6379, dubbo.registry.id=redis, dubbo.registry.password=838860376abc, dubbo.registry.protocol=redis, dubbo.registry.username=root, dubbo.scan.base-packages=com.enter.prin}
2019-10-06 16:49:16.206  WARN 15328 --- [main] ory$DuplicateJsonObjectContextCustomizer : 

Found multiple occurrences of org.json.JSONObject on the class path:

	jar:file:/D:/JAVA/Maven/apache-maven-3.3.9-repository/org/json/json/20170516/json-20170516.jar!/org/json/JSONObject.class
	jar:file:/D:/JAVA/Maven/apache-maven-3.3.9-repository/com/vaadin/external/google/android-json/0.0.20131108.vaadin1/android-json-0.0.20131108.vaadin1.jar!/org/json/JSONObject.class

You may wish to exclude one of them to ensure predictable runtime behavior

2019-10-06 16:49:16.227  INFO 15328 --- [main] com.enter.print.SpringTest               : Starting SpringTest on DESKTOP-HP47L6V with PID 15328 (started by GR in D:\ideaWorkPlace\enter-print-parent\print-controller)
2019-10-06 16:49:16.228  INFO 15328 --- [main] com.enter.print.SpringTest               : No active profile set, falling back to default profiles: default
2019-10-06 16:49:17.314  INFO 15328 --- [main] .a.d.c.s.c.a.DubboConfigBindingRegistrar : The dubbo config bean definition [name : enter-print-id-1, class : com.alibaba.dubbo.config.ApplicationConfig] has been registered.
2019-10-06 16:49:17.315  INFO 15328 --- [main] .a.d.c.s.c.a.DubboConfigBindingRegistrar : The BeanPostProcessor bean definition [com.alibaba.dubbo.config.spring.beans.factory.annotation.DubboConfigBindingBeanPostProcessor] for dubbo config bean [name : enter-print-id-1] has been registered.
2019-10-06 16:49:17.315  INFO 15328 --- [main] .a.d.c.s.c.a.DubboConfigBindingRegistrar : The dubbo config bean definition [name : redis, class : com.alibaba.dubbo.config.RegistryConfig] has been registered.
2019-10-06 16:49:17.315  INFO 15328 --- [main] .a.d.c.s.c.a.DubboConfigBindingRegistrar : The BeanPostProcessor bean definition [com.alibaba.dubbo.config.spring.beans.factory.annotation.DubboConfigBindingBeanPostProcessor] for dubbo config bean [name : redis] has been registered.
2019-10-06 16:49:17.315  INFO 15328 --- [main] .a.d.c.s.c.a.DubboConfigBindingRegistrar : The dubbo config bean definition [name : com.alibaba.dubbo.config.ProtocolConfig#0, class : com.alibaba.dubbo.config.ProtocolConfig] has been registered.
2019-10-06 16:49:17.316  INFO 15328 --- [main] .a.d.c.s.c.a.DubboConfigBindingRegistrar : The BeanPostProcessor bean definition [com.alibaba.dubbo.config.spring.beans.factory.annotation.DubboConfigBindingBeanPostProcessor] for dubbo config bean [name : com.alibaba.dubbo.config.ProtocolConfig#0] has been registered.
2019-10-06 16:49:17.316  INFO 15328 --- [main] .a.d.c.s.c.a.DubboConfigBindingRegistrar : The dubbo config bean definition [name : com.alibaba.dubbo.config.MonitorConfig#0, class : com.alibaba.dubbo.config.MonitorConfig] has been registered.
2019-10-06 16:49:17.316  INFO 15328 --- [main] .a.d.c.s.c.a.DubboConfigBindingRegistrar : The BeanPostProcessor bean definition [com.alibaba.dubbo.config.spring.beans.factory.annotation.DubboConfigBindingBeanPostProcessor] for dubbo config bean [name : com.alibaba.dubbo.config.MonitorConfig#0] has been registered.
2019-10-06 16:49:17.529  INFO 15328 --- [main] .s.d.r.c.RepositoryConfigurationDelegate : Multiple Spring Data modules found, entering strict repository configuration mode!
2019-10-06 16:49:17.533  INFO 15328 --- [main] .s.d.r.c.RepositoryConfigurationDelegate : Bootstrapping Spring Data repositories in DEFAULT mode.
2019-10-06 16:49:17.633  INFO 15328 --- [main] .s.d.r.c.RepositoryConfigurationDelegate : Finished Spring Data repository scanning in 73ms. Found 0 repository interfaces.
2019-10-06 16:49:17.831  WARN 15328 --- [main] o.m.s.mapper.ClassPathMapperScanner      : Skipping MapperFactoryBean with name 'applyingMerchantMapper' and 'com.enter.print.database.mysql.mybatis.ApplyingMerchantMapper' mapperInterface. Bean already defined with the same name!
2019-10-06 16:49:17.831  WARN 15328 --- [main] o.m.s.mapper.ClassPathMapperScanner      : Skipping MapperFactoryBean with name 'cityMapper' and 'com.enter.print.database.mysql.mybatis.CityMapper' mapperInterface. Bean already defined with the same name!
2019-10-06 16:49:17.832  WARN 15328 --- [main] o.m.s.mapper.ClassPathMapperScanner      : Skipping MapperFactoryBean with name 'collectionMapper' and 'com.enter.print.database.mysql.mybatis.CollectionMapper' mapperInterface. Bean already defined with the same name!
2019-10-06 16:49:17.832  WARN 15328 --- [main] o.m.s.mapper.ClassPathMapperScanner      : Skipping MapperFactoryBean with name 'districtMapper' and 'com.enter.print.database.mysql.mybatis.DistrictMapper' mapperInterface. Bean already defined with the same name!
2019-10-06 16:49:17.832  WARN 15328 --- [main] o.m.s.mapper.ClassPathMapperScanner      : Skipping MapperFactoryBean with name 'merchantMapper' and 'com.enter.print.database.mysql.mybatis.MerchantMapper' mapperInterface. Bean already defined with the same name!
2019-10-06 16:49:17.832  WARN 15328 --- [main] o.m.s.mapper.ClassPathMapperScanner      : Skipping MapperFactoryBean with name 'printServiceMapper' and 'com.enter.print.database.mysql.mybatis.PrintServiceMapper' mapperInterface. Bean already defined with the same name!
2019-10-06 16:49:17.832  WARN 15328 --- [main] o.m.s.mapper.ClassPathMapperScanner      : Skipping MapperFactoryBean with name 'printUserMapper' and 'com.enter.print.database.mysql.mybatis.PrintUserMapper' mapperInterface. Bean already defined with the same name!
2019-10-06 16:49:17.833  WARN 15328 --- [main] o.m.s.mapper.ClassPathMapperScanner      : Skipping MapperFactoryBean with name 'schoolMapper' and 'com.enter.print.database.mysql.mybatis.SchoolMapper' mapperInterface. Bean already defined with the same name!
2019-10-06 16:49:17.833  WARN 15328 --- [main] o.m.s.mapper.ClassPathMapperScanner      : Skipping MapperFactoryBean with name 'testMapper' and 'com.enter.print.database.mysql.mybatis.TestMapper' mapperInterface. Bean already defined with the same name!
2019-10-06 16:49:17.834  WARN 15328 --- [main] o.m.s.mapper.ClassPathMapperScanner      : No MyBatis mapper was found in '[com.enter.print]' package. Please check your configuration.
2019-10-06 16:49:18.120  INFO 15328 --- [main] trationDelegate$BeanPostProcessorChecker : Bean 'com.alibaba.boot.dubbo.autoconfigure.DubboAutoConfiguration' of type [com.alibaba.boot.dubbo.autoconfigure.DubboAutoConfiguration$$EnhancerBySpringCGLIB$$8248be97] is not eligible for getting processed by all BeanPostProcessors (for example: not eligible for auto-proxying)
2019-10-06 16:49:18.278  INFO 15328 --- [main] trationDelegate$BeanPostProcessorChecker : Bean 'org.springframework.transaction.annotation.ProxyTransactionManagementConfiguration' of type [org.springframework.transaction.annotation.ProxyTransactionManagementConfiguration$$EnhancerBySpringCGLIB$$73471925] is not eligible for getting processed by all BeanPostProcessors (for example: not eligible for auto-proxying)
2019-10-06 16:49:18.504  INFO 15328 --- [main] trationDelegate$BeanPostProcessorChecker : Bean 'relaxedDubboConfigBinder' of type [com.alibaba.boot.dubbo.autoconfigure.RelaxedDubboConfigBinder] is not eligible for getting processed by all BeanPostProcessors (for example: not eligible for auto-proxying)
2019-10-06 16:49:18.513  INFO 15328 --- [main] trationDelegate$BeanPostProcessorChecker : Bean 'relaxedDubboConfigBinder' of type [com.alibaba.boot.dubbo.autoconfigure.RelaxedDubboConfigBinder] is not eligible for getting processed by all BeanPostProcessors (for example: not eligible for auto-proxying)
2019-10-06 16:49:18.515  INFO 15328 --- [main] trationDelegate$BeanPostProcessorChecker : Bean 'relaxedDubboConfigBinder' of type [com.alibaba.boot.dubbo.autoconfigure.RelaxedDubboConfigBinder] is not eligible for getting processed by all BeanPostProcessors (for example: not eligible for auto-proxying)
2019-10-06 16:49:18.516  INFO 15328 --- [main] trationDelegate$BeanPostProcessorChecker : Bean 'relaxedDubboConfigBinder' of type [com.alibaba.boot.dubbo.autoconfigure.RelaxedDubboConfigBinder] is not eligible for getting processed by all BeanPostProcessors (for example: not eligible for auto-proxying)
2019-10-06 16:49:22.030  INFO 15328 --- [main] o.s.s.concurrent.ThreadPoolTaskExecutor  : Initializing ExecutorService 'applicationTaskExecutor'
2019-10-06 16:49:22.431  INFO 15328 --- [main] .f.a.DubboConfigBindingBeanPostProcessor : The properties of bean [name : enter-print-id-1] have been binding by prefix of configuration properties : dubbo.application
2019-10-06 16:49:22.442  INFO 15328 --- [main] .f.a.DubboConfigBindingBeanPostProcessor : The properties of bean [name : redis] have been binding by prefix of configuration properties : dubbo.registry
2019-10-06 16:49:22.456  INFO 15328 --- [main] .f.a.DubboConfigBindingBeanPostProcessor : The properties of bean [name : com.alibaba.dubbo.config.ProtocolConfig#0] have been binding by prefix of configuration properties : dubbo.protocol
2019-10-06 16:49:22.468  INFO 15328 --- [main] .f.a.DubboConfigBindingBeanPostProcessor : The properties of bean [name : com.alibaba.dubbo.config.MonitorConfig#0] have been binding by prefix of configuration properties : dubbo.monitor
2019-10-06 16:49:22.522  INFO 15328 --- [main] t.m.m.autoconfigure.MapperCacheDisabler  : Clear tk.mybatis.mapper.util.MsUtil CLASS_CACHE cache.
2019-10-06 16:49:22.523  INFO 15328 --- [main] t.m.m.autoconfigure.MapperCacheDisabler  : Clear tk.mybatis.mapper.genid.GenIdUtil CACHE cache.
2019-10-06 16:49:22.524  INFO 15328 --- [main] t.m.m.autoconfigure.MapperCacheDisabler  : Clear EntityHelper entityTableMap cache.
2019-10-06 16:49:23.145  INFO 15328 --- [main] com.enter.print.SpringTest               : Started SpringTest in 7.652 seconds (JVM running for 9.069)
2019-10-06 16:49:24.635  WARN 15328 --- [main] com.alibaba.dubbo.config.AbstractConfig  :  [DUBBO] null, dubbo version: 2.6.2, current host: 192.168.56.1

java.lang.reflect.InvocationTargetException: null
	at sun.reflect.NativeMethodAccessorImpl.invoke0(Native Method) ~[na:1.8.0_171]
	at sun.reflect.NativeMethodAccessorImpl.invoke(NativeMethodAccessorImpl.java:62) ~[na:1.8.0_171]
	at sun.reflect.DelegatingMethodAccessorImpl.invoke(DelegatingMethodAccessorImpl.java:43) ~[na:1.8.0_171]
	at java.lang.reflect.Method.invoke(Method.java:498) ~[na:1.8.0_171]
	at com.alibaba.dubbo.config.AbstractConfig.toString(AbstractConfig.java:474) ~[dubbo-2.6.2.jar:2.6.2]
	at java.lang.String.valueOf(String.java:2994) [na:1.8.0_171]
	at java.lang.StringBuilder.append(StringBuilder.java:131) [na:1.8.0_171]
	at com.alibaba.dubbo.config.spring.beans.factory.annotation.AbstractAnnotationConfigBeanBuilder.build(AbstractAnnotationConfigBeanBuilder.java:79) [dubbo-2.6.2.jar:2.6.2]
	at com.alibaba.dubbo.config.spring.beans.factory.annotation.ReferenceAnnotationBeanPostProcessor.buildReferenceBean(ReferenceAnnotationBeanPostProcessor.java:385) [dubbo-2.6.2.jar:2.6.2]
	at com.alibaba.dubbo.config.spring.beans.factory.annotation.ReferenceAnnotationBeanPostProcessor.access$100(ReferenceAnnotationBeanPostProcessor.java:65) [dubbo-2.6.2.jar:2.6.2]
	at com.alibaba.dubbo.config.spring.beans.factory.annotation.ReferenceAnnotationBeanPostProcessor$ReferenceFieldElement.inject(ReferenceAnnotationBeanPostProcessor.java:363) [dubbo-2.6.2.jar:2.6.2]
	at org.springframework.beans.factory.annotation.InjectionMetadata.inject(InjectionMetadata.java:90) [spring-beans-5.1.9.RELEASE.jar:5.1.9.RELEASE]
	at com.alibaba.dubbo.config.spring.beans.factory.annotation.ReferenceAnnotationBeanPostProcessor.postProcessPropertyValues(ReferenceAnnotationBeanPostProcessor.java:92) [dubbo-2.6.2.jar:2.6.2]
	at org.springframework.beans.factory.support.AbstractAutowireCapableBeanFactory.populateBean(AbstractAutowireCapableBeanFactory.java:1416) [spring-beans-5.1.9.RELEASE.jar:5.1.9.RELEASE]
	at org.springframework.beans.factory.support.AbstractAutowireCapableBeanFactory.autowireBeanProperties(AbstractAutowireCapableBeanFactory.java:391) [spring-beans-5.1.9.RELEASE.jar:5.1.9.RELEASE]
	at org.springframework.test.context.support.DependencyInjectionTestExecutionListener.injectDependencies(DependencyInjectionTestExecutionListener.java:119) [spring-test-5.1.9.RELEASE.jar:5.1.9.RELEASE]
	at org.springframework.test.context.support.DependencyInjectionTestExecutionListener.prepareTestInstance(DependencyInjectionTestExecutionListener.java:83) [spring-test-5.1.9.RELEASE.jar:5.1.9.RELEASE]
	at org.springframework.boot.test.autoconfigure.SpringBootDependencyInjectionTestExecutionListener.prepareTestInstance(SpringBootDependencyInjectionTestExecutionListener.java:43) [spring-boot-test-autoconfigure-2.1.8.RELEASE.jar:2.1.8.RELEASE]
	at org.springframework.test.context.TestContextManager.prepareTestInstance(TestContextManager.java:246) [spring-test-5.1.9.RELEASE.jar:5.1.9.RELEASE]
	at org.springframework.test.context.junit4.SpringJUnit4ClassRunner.createTest(SpringJUnit4ClassRunner.java:227) [spring-test-5.1.9.RELEASE.jar:5.1.9.RELEASE]
	at org.springframework.test.context.junit4.SpringJUnit4ClassRunner$1.runReflectiveCall(SpringJUnit4ClassRunner.java:289) [spring-test-5.1.9.RELEASE.jar:5.1.9.RELEASE]
	at org.junit.internal.runners.model.ReflectiveCallable.run(ReflectiveCallable.java:12) [junit-4.12.jar:4.12]
	at org.springframework.test.context.junit4.SpringJUnit4ClassRunner.methodBlock(SpringJUnit4ClassRunner.java:291) [spring-test-5.1.9.RELEASE.jar:5.1.9.RELEASE]
	at org.springframework.test.context.junit4.SpringJUnit4ClassRunner.runChild(SpringJUnit4ClassRunner.java:246) [spring-test-5.1.9.RELEASE.jar:5.1.9.RELEASE]
	at org.springframework.test.context.junit4.SpringJUnit4ClassRunner.runChild(SpringJUnit4ClassRunner.java:97) [spring-test-5.1.9.RELEASE.jar:5.1.9.RELEASE]
	at org.junit.runners.ParentRunner$3.run(ParentRunner.java:290) [junit-4.12.jar:4.12]
	at org.junit.runners.ParentRunner$1.schedule(ParentRunner.java:71) [junit-4.12.jar:4.12]
	at org.junit.runners.ParentRunner.runChildren(ParentRunner.java:288) [junit-4.12.jar:4.12]
	at org.junit.runners.ParentRunner.access$000(ParentRunner.java:58) [junit-4.12.jar:4.12]
	at org.junit.runners.ParentRunner$2.evaluate(ParentRunner.java:268) [junit-4.12.jar:4.12]
	at org.springframework.test.context.junit4.statements.RunBeforeTestClassCallbacks.evaluate(RunBeforeTestClassCallbacks.java:61) [spring-test-5.1.9.RELEASE.jar:5.1.9.RELEASE]
	at org.springframework.test.context.junit4.statements.RunAfterTestClassCallbacks.evaluate(RunAfterTestClassCallbacks.java:70) [spring-test-5.1.9.RELEASE.jar:5.1.9.RELEASE]
	at org.junit.runners.ParentRunner.run(ParentRunner.java:363) [junit-4.12.jar:4.12]
	at org.springframework.test.context.junit4.SpringJUnit4ClassRunner.run(SpringJUnit4ClassRunner.java:190) [spring-test-5.1.9.RELEASE.jar:5.1.9.RELEASE]
	at org.junit.runner.JUnitCore.run(JUnitCore.java:137) [junit-4.12.jar:4.12]
	at com.intellij.junit4.JUnit4IdeaTestRunner.startRunnerWithArgs(JUnit4IdeaTestRunner.java:68) [junit-rt.jar:na]
	at com.intellij.rt.execution.junit.IdeaTestRunner$Repeater.startRunnerWithArgs(IdeaTestRunner.java:47) [junit-rt.jar:na]
	at com.intellij.rt.execution.junit.JUnitStarter.prepareStreamsAndStart(JUnitStarter.java:242) [junit-rt.jar:na]
	at com.intellij.rt.execution.junit.JUnitStarter.main(JUnitStarter.java:70) [junit-rt.jar:na]
Caused by: com.alibaba.dubbo.rpc.RpcException: Fail to create remoting client for service(dubbo://localhost:10443/com.enter.print.service.TestService?application=enter-print-1&codec=dubbo&dubbo=2.6.2&heartbeat=60000&interface=com.enter.print.service.TestService&methods=test&pid=15328&register.ip=192.168.56.1&revision=1.0&side=consumer&timestamp=1570351763429&version=1.0): client(url: dubbo://localhost:10443/com.enter.print.service.TestService?application=enter-print-1&codec=dubbo&dubbo=2.6.2&heartbeat=60000&interface=com.enter.print.service.TestService&methods=test&pid=15328&register.ip=192.168.56.1&revision=1.0&side=consumer&timestamp=1570351763429&version=1.0) failed to connect to server localhost/127.0.0.1:10443, error message is:Connection refused: no further information
	at com.alibaba.dubbo.rpc.protocol.dubbo.DubboProtocol.initClient(DubboProtocol.java:412) ~[dubbo-2.6.2.jar:2.6.2]
	at com.alibaba.dubbo.rpc.protocol.dubbo.DubboProtocol.getSharedClient(DubboProtocol.java:377) ~[dubbo-2.6.2.jar:2.6.2]
	at com.alibaba.dubbo.rpc.protocol.dubbo.DubboProtocol.getClients(DubboProtocol.java:354) ~[dubbo-2.6.2.jar:2.6.2]
	at com.alibaba.dubbo.rpc.protocol.dubbo.DubboProtocol.refer(DubboProtocol.java:336) ~[dubbo-2.6.2.jar:2.6.2]
	at com.alibaba.dubbo.rpc.protocol.ProtocolListenerWrapper.refer(ProtocolListenerWrapper.java:67) ~[dubbo-2.6.2.jar:2.6.2]
	at com.alibaba.dubbo.rpc.protocol.ProtocolFilterWrapper.refer(ProtocolFilterWrapper.java:108) ~[dubbo-2.6.2.jar:2.6.2]
	at com.alibaba.dubbo.qos.protocol.QosProtocolWrapper.refer(QosProtocolWrapper.java:65) ~[dubbo-2.6.2.jar:2.6.2]
	at com.alibaba.dubbo.rpc.Protocol$Adaptive.refer(Protocol$Adaptive.java) ~[dubbo-2.6.2.jar:2.6.2]
	at com.alibaba.dubbo.config.ReferenceConfig.createProxy(ReferenceConfig.java:394) ~[dubbo-2.6.2.jar:2.6.2]
	at com.alibaba.dubbo.config.ReferenceConfig.init(ReferenceConfig.java:333) ~[dubbo-2.6.2.jar:2.6.2]
	at com.alibaba.dubbo.config.ReferenceConfig.get(ReferenceConfig.java:163) ~[dubbo-2.6.2.jar:2.6.2]
	at com.alibaba.dubbo.config.spring.ReferenceBean.getObject(ReferenceBean.java:66) ~[dubbo-2.6.2.jar:2.6.2]
	... 39 common frames omitted
Caused by: com.alibaba.dubbo.remoting.RemotingException: client(url: dubbo://localhost:10443/com.enter.print.service.TestService?application=enter-print-1&codec=dubbo&dubbo=2.6.2&heartbeat=60000&interface=com.enter.print.service.TestService&methods=test&pid=15328&register.ip=192.168.56.1&revision=1.0&side=consumer&timestamp=1570351763429&version=1.0) failed to connect to server localhost/127.0.0.1:10443, error message is:Connection refused: no further information
	at com.alibaba.dubbo.remoting.transport.netty.NettyClient.doConnect(NettyClient.java:124) ~[dubbo-2.6.2.jar:2.6.2]
	at com.alibaba.dubbo.remoting.transport.AbstractClient.connect(AbstractClient.java:275) ~[dubbo-2.6.2.jar:2.6.2]
	at com.alibaba.dubbo.remoting.transport.AbstractClient.<init>(AbstractClient.java:89) ~[dubbo-2.6.2.jar:2.6.2]
	at com.alibaba.dubbo.remoting.transport.netty.NettyClient.<init>(NettyClient.java:59) ~[dubbo-2.6.2.jar:2.6.2]
	at com.alibaba.dubbo.remoting.transport.netty.NettyTransporter.connect(NettyTransporter.java:37) ~[dubbo-2.6.2.jar:2.6.2]
	at com.alibaba.dubbo.remoting.Transporter$Adaptive.connect(Transporter$Adaptive.java) ~[dubbo-2.6.2.jar:2.6.2]
	at com.alibaba.dubbo.remoting.Transporters.connect(Transporters.java:75) ~[dubbo-2.6.2.jar:2.6.2]
	at com.alibaba.dubbo.remoting.exchange.support.header.HeaderExchanger.connect(HeaderExchanger.java:39) ~[dubbo-2.6.2.jar:2.6.2]
	at com.alibaba.dubbo.remoting.exchange.Exchangers.connect(Exchangers.java:109) ~[dubbo-2.6.2.jar:2.6.2]
	at com.alibaba.dubbo.rpc.protocol.dubbo.DubboProtocol.initClient(DubboProtocol.java:409) ~[dubbo-2.6.2.jar:2.6.2]
	... 50 common frames omitted
Caused by: java.net.ConnectException: Connection refused: no further information
	at sun.nio.ch.SocketChannelImpl.checkConnect(Native Method) ~[na:1.8.0_171]
	at sun.nio.ch.SocketChannelImpl.finishConnect(SocketChannelImpl.java:717) ~[na:1.8.0_171]
	at org.jboss.netty.channel.socket.nio.NioClientSocketPipelineSink$Boss.connect(NioClientSocketPipelineSink.java:384) ~[netty-3.2.5.Final.jar:na]
	at org.jboss.netty.channel.socket.nio.NioClientSocketPipelineSink$Boss.processSelectedKeys(NioClientSocketPipelineSink.java:354) ~[netty-3.2.5.Final.jar:na]
	at org.jboss.netty.channel.socket.nio.NioClientSocketPipelineSink$Boss.run(NioClientSocketPipelineSink.java:276) ~[netty-3.2.5.Final.jar:na]
	at java.util.concurrent.ThreadPoolExecutor.runWorker(ThreadPoolExecutor.java:1149) ~[na:1.8.0_171]
	at java.util.concurrent.ThreadPoolExecutor$Worker.run(ThreadPoolExecutor.java:624) ~[na:1.8.0_171]
	at java.lang.Thread.run(Thread.java:748) ~[na:1.8.0_171]

2019-10-06 16:49:24.641  INFO 15328 --- [main] c.a.d.c.s.b.f.a.ReferenceBeanBuilder     : <dubbo:reference singleton="true" url="dubbo://localhost:10443" uniqueServiceName="com.enter.print.service.TestService:1.0" interface="com.enter.print.service.TestService" generic="false" version="1.0" id="com.enter.print.service.TestService" /> has been built.
2019-10-06 16:49:24.865  INFO 15328 --- [DubboShutdownHook] com.alibaba.dubbo.config.AbstractConfig  :  [DUBBO] Run shutdown hook now., dubbo version: 2.6.2, current host: 192.168.56.1
2019-10-06 16:49:24.870  INFO 15328 --- [Thread-2] o.s.s.concurrent.ThreadPoolTaskExecutor  : Shutting down ExecutorService 'applicationTaskExecutor'
2019-10-06 16:49:24.872  INFO 15328 --- [DubboShutdownHook] c.a.d.r.support.AbstractRegistryFactory  :  [DUBBO] Close all registries [], dubbo version: 2.6.2, current host: 192.168.56.1
2019-10-06 16:49:24.917  INFO 15328 --- [Thread-2] f.a.ReferenceAnnotationBeanPostProcessor : <dubbo:reference singleton="true" url="dubbo://localhost:10443" uniqueServiceName="com.enter.print.service.TestService:1.0" interface="com.enter.print.service.TestService" generic="false" version="1.0" id="com.enter.print.service.TestService" /> was destroying!
2019-10-06 16:49:24.917  INFO 15328 --- [Thread-2] f.a.ReferenceAnnotationBeanPostProcessor : class com.alibaba.dubbo.config.spring.beans.factory.annotation.ReferenceAnnotationBeanPostProcessor was destroying!
2019-10-06 17:17:37.485  INFO 14804 --- [main] c.a.dubbo.common.logger.LoggerFactory    : using logger: com.alibaba.dubbo.common.logger.slf4j.Slf4jLoggerAdapter
2019-10-06 17:17:37.488  INFO 14804 --- [main] a.b.d.c.e.WelcomeLogoApplicationListener : 

 :: Dubbo Spring Boot (v0.2.0) : https://github.com/apache/incubator-dubbo-spring-boot-project
 :: Dubbo (v2.6.2) : https://github.com/apache/incubator-dubbo
 :: Google group : dev@dubbo.incubator.apache.org

2019-10-06 17:17:37.492  INFO 14804 --- [main] e.OverrideDubboConfigApplicationListener : Dubbo Config was overridden by externalized configuration {dubbo.application.id=enter-print-id-1, dubbo.application.name=enter-print-1, dubbo.monitor.protocol=registry, dubbo.protocol.name=dubbo, dubbo.protocol.port=10443, dubbo.registry.address=redis://39.108.232.17:6379, dubbo.registry.id=redis, dubbo.registry.password=838860376abc, dubbo.registry.protocol=redis, dubbo.registry.username=root, dubbo.scan.base-packages=com.enter.print.impl}
2019-10-06 17:17:37.555  WARN 14804 --- [main] ory$DuplicateJsonObjectContextCustomizer : 

Found multiple occurrences of org.json.JSONObject on the class path:

	jar:file:/D:/JAVA/Maven/apache-maven-3.3.9-repository/org/json/json/20170516/json-20170516.jar!/org/json/JSONObject.class
	jar:file:/D:/JAVA/Maven/apache-maven-3.3.9-repository/com/vaadin/external/google/android-json/0.0.20131108.vaadin1/android-json-0.0.20131108.vaadin1.jar!/org/json/JSONObject.class

You may wish to exclude one of them to ensure predictable runtime behavior

2019-10-06 17:17:37.571  INFO 14804 --- [main] com.enter.print.SpringTest               : Starting SpringTest on DESKTOP-HP47L6V with PID 14804 (started by GR in D:\ideaWorkPlace\enter-print-parent\print-controller)
2019-10-06 17:17:37.572  INFO 14804 --- [main] com.enter.print.SpringTest               : No active profile set, falling back to default profiles: default
2019-10-06 17:17:38.426  INFO 14804 --- [main] .a.d.c.s.c.a.DubboConfigBindingRegistrar : The dubbo config bean definition [name : enter-print-id-1, class : com.alibaba.dubbo.config.ApplicationConfig] has been registered.
2019-10-06 17:17:38.427  INFO 14804 --- [main] .a.d.c.s.c.a.DubboConfigBindingRegistrar : The BeanPostProcessor bean definition [com.alibaba.dubbo.config.spring.beans.factory.annotation.DubboConfigBindingBeanPostProcessor] for dubbo config bean [name : enter-print-id-1] has been registered.
2019-10-06 17:17:38.428  INFO 14804 --- [main] .a.d.c.s.c.a.DubboConfigBindingRegistrar : The dubbo config bean definition [name : redis, class : com.alibaba.dubbo.config.RegistryConfig] has been registered.
2019-10-06 17:17:38.428  INFO 14804 --- [main] .a.d.c.s.c.a.DubboConfigBindingRegistrar : The BeanPostProcessor bean definition [com.alibaba.dubbo.config.spring.beans.factory.annotation.DubboConfigBindingBeanPostProcessor] for dubbo config bean [name : redis] has been registered.
2019-10-06 17:17:38.428  INFO 14804 --- [main] .a.d.c.s.c.a.DubboConfigBindingRegistrar : The dubbo config bean definition [name : com.alibaba.dubbo.config.ProtocolConfig#0, class : com.alibaba.dubbo.config.ProtocolConfig] has been registered.
2019-10-06 17:17:38.428  INFO 14804 --- [main] .a.d.c.s.c.a.DubboConfigBindingRegistrar : The BeanPostProcessor bean definition [com.alibaba.dubbo.config.spring.beans.factory.annotation.DubboConfigBindingBeanPostProcessor] for dubbo config bean [name : com.alibaba.dubbo.config.ProtocolConfig#0] has been registered.
2019-10-06 17:17:38.429  INFO 14804 --- [main] .a.d.c.s.c.a.DubboConfigBindingRegistrar : The dubbo config bean definition [name : com.alibaba.dubbo.config.MonitorConfig#0, class : com.alibaba.dubbo.config.MonitorConfig] has been registered.
2019-10-06 17:17:38.429  INFO 14804 --- [main] .a.d.c.s.c.a.DubboConfigBindingRegistrar : The BeanPostProcessor bean definition [com.alibaba.dubbo.config.spring.beans.factory.annotation.DubboConfigBindingBeanPostProcessor] for dubbo config bean [name : com.alibaba.dubbo.config.MonitorConfig#0] has been registered.
2019-10-06 17:17:38.754  INFO 14804 --- [main] .s.d.r.c.RepositoryConfigurationDelegate : Multiple Spring Data modules found, entering strict repository configuration mode!
2019-10-06 17:17:38.757  INFO 14804 --- [main] .s.d.r.c.RepositoryConfigurationDelegate : Bootstrapping Spring Data repositories in DEFAULT mode.
2019-10-06 17:17:38.832  INFO 14804 --- [main] .s.d.r.c.RepositoryConfigurationDelegate : Finished Spring Data repository scanning in 61ms. Found 0 repository interfaces.
2019-10-06 17:17:38.981  WARN 14804 --- [main] o.m.s.mapper.ClassPathMapperScanner      : Skipping MapperFactoryBean with name 'printServiceMapper' and 'com.enter.print.database.mysql.mybatis.PrintServiceMapper' mapperInterface. Bean already defined with the same name!
2019-10-06 17:17:38.982  WARN 14804 --- [main] o.m.s.mapper.ClassPathMapperScanner      : Skipping MapperFactoryBean with name 'printUserMapper' and 'com.enter.print.database.mysql.mybatis.PrintUserMapper' mapperInterface. Bean already defined with the same name!
2019-10-06 17:17:38.982  WARN 14804 --- [main] o.m.s.mapper.ClassPathMapperScanner      : Skipping MapperFactoryBean with name 'schoolMapper' and 'com.enter.print.database.mysql.mybatis.SchoolMapper' mapperInterface. Bean already defined with the same name!
2019-10-06 17:17:38.982  WARN 14804 --- [main] o.m.s.mapper.ClassPathMapperScanner      : Skipping MapperFactoryBean with name 'applyingMerchantMapper' and 'com.enter.print.database.mysql.mybatis.ApplyingMerchantMapper' mapperInterface. Bean already defined with the same name!
2019-10-06 17:17:38.982  WARN 14804 --- [main] o.m.s.mapper.ClassPathMapperScanner      : Skipping MapperFactoryBean with name 'testMapper' and 'com.enter.print.database.mysql.mybatis.TestMapper' mapperInterface. Bean already defined with the same name!
2019-10-06 17:17:38.982  WARN 14804 --- [main] o.m.s.mapper.ClassPathMapperScanner      : Skipping MapperFactoryBean with name 'cityMapper' and 'com.enter.print.database.mysql.mybatis.CityMapper' mapperInterface. Bean already defined with the same name!
2019-10-06 17:17:38.983  WARN 14804 --- [main] o.m.s.mapper.ClassPathMapperScanner      : Skipping MapperFactoryBean with name 'collectionMapper' and 'com.enter.print.database.mysql.mybatis.CollectionMapper' mapperInterface. Bean already defined with the same name!
2019-10-06 17:17:38.983  WARN 14804 --- [main] o.m.s.mapper.ClassPathMapperScanner      : Skipping MapperFactoryBean with name 'districtMapper' and 'com.enter.print.database.mysql.mybatis.DistrictMapper' mapperInterface. Bean already defined with the same name!
2019-10-06 17:17:38.983  WARN 14804 --- [main] o.m.s.mapper.ClassPathMapperScanner      : Skipping MapperFactoryBean with name 'merchantMapper' and 'com.enter.print.database.mysql.mybatis.MerchantMapper' mapperInterface. Bean already defined with the same name!
2019-10-06 17:17:38.984  WARN 14804 --- [main] o.m.s.mapper.ClassPathMapperScanner      : No MyBatis mapper was found in '[com.enter.print]' package. Please check your configuration.
2019-10-06 17:17:39.240  INFO 14804 --- [main] trationDelegate$BeanPostProcessorChecker : Bean 'com.alibaba.boot.dubbo.autoconfigure.DubboAutoConfiguration' of type [com.alibaba.boot.dubbo.autoconfigure.DubboAutoConfiguration$$EnhancerBySpringCGLIB$$7fdec01] is not eligible for getting processed by all BeanPostProcessors (for example: not eligible for auto-proxying)
2019-10-06 17:17:39.374  INFO 14804 --- [main] trationDelegate$BeanPostProcessorChecker : Bean 'org.springframework.transaction.annotation.ProxyTransactionManagementConfiguration' of type [org.springframework.transaction.annotation.ProxyTransactionManagementConfiguration$$EnhancerBySpringCGLIB$$f8fc468f] is not eligible for getting processed by all BeanPostProcessors (for example: not eligible for auto-proxying)
2019-10-06 17:17:39.584  INFO 14804 --- [main] trationDelegate$BeanPostProcessorChecker : Bean 'relaxedDubboConfigBinder' of type [com.alibaba.boot.dubbo.autoconfigure.RelaxedDubboConfigBinder] is not eligible for getting processed by all BeanPostProcessors (for example: not eligible for auto-proxying)
2019-10-06 17:17:39.595  INFO 14804 --- [main] trationDelegate$BeanPostProcessorChecker : Bean 'relaxedDubboConfigBinder' of type [com.alibaba.boot.dubbo.autoconfigure.RelaxedDubboConfigBinder] is not eligible for getting processed by all BeanPostProcessors (for example: not eligible for auto-proxying)
2019-10-06 17:17:39.597  INFO 14804 --- [main] trationDelegate$BeanPostProcessorChecker : Bean 'relaxedDubboConfigBinder' of type [com.alibaba.boot.dubbo.autoconfigure.RelaxedDubboConfigBinder] is not eligible for getting processed by all BeanPostProcessors (for example: not eligible for auto-proxying)
2019-10-06 17:17:39.600  INFO 14804 --- [main] trationDelegate$BeanPostProcessorChecker : Bean 'relaxedDubboConfigBinder' of type [com.alibaba.boot.dubbo.autoconfigure.RelaxedDubboConfigBinder] is not eligible for getting processed by all BeanPostProcessors (for example: not eligible for auto-proxying)
2019-10-06 17:17:41.635  INFO 14804 --- [main] .f.a.DubboConfigBindingBeanPostProcessor : The properties of bean [name : enter-print-id-1] have been binding by prefix of configuration properties : dubbo.application
2019-10-06 17:17:41.644  INFO 14804 --- [main] .f.a.DubboConfigBindingBeanPostProcessor : The properties of bean [name : redis] have been binding by prefix of configuration properties : dubbo.registry
2019-10-06 17:17:41.655  INFO 14804 --- [main] .f.a.DubboConfigBindingBeanPostProcessor : The properties of bean [name : com.alibaba.dubbo.config.ProtocolConfig#0] have been binding by prefix of configuration properties : dubbo.protocol
2019-10-06 17:17:41.663  INFO 14804 --- [main] .f.a.DubboConfigBindingBeanPostProcessor : The properties of bean [name : com.alibaba.dubbo.config.MonitorConfig#0] have been binding by prefix of configuration properties : dubbo.monitor
2019-10-06 17:17:42.620  INFO 14804 --- [main] o.s.s.concurrent.ThreadPoolTaskExecutor  : Initializing ExecutorService 'applicationTaskExecutor'
2019-10-06 17:17:42.971  INFO 14804 --- [main] t.m.m.autoconfigure.MapperCacheDisabler  : Clear tk.mybatis.mapper.util.MsUtil CLASS_CACHE cache.
2019-10-06 17:17:42.973  INFO 14804 --- [main] t.m.m.autoconfigure.MapperCacheDisabler  : Clear tk.mybatis.mapper.genid.GenIdUtil CACHE cache.
2019-10-06 17:17:42.974  INFO 14804 --- [main] t.m.m.autoconfigure.MapperCacheDisabler  : Clear EntityHelper entityTableMap cache.
2019-10-06 17:17:43.497  INFO 14804 --- [main] com.enter.print.SpringTest               : Started SpringTest in 6.329 seconds (JVM running for 7.254)
2019-10-06 17:17:44.965  WARN 14804 --- [main] com.alibaba.dubbo.config.AbstractConfig  :  [DUBBO] null, dubbo version: 2.6.2, current host: 192.168.56.1

java.lang.reflect.InvocationTargetException: null
	at sun.reflect.NativeMethodAccessorImpl.invoke0(Native Method) ~[na:1.8.0_171]
	at sun.reflect.NativeMethodAccessorImpl.invoke(NativeMethodAccessorImpl.java:62) ~[na:1.8.0_171]
	at sun.reflect.DelegatingMethodAccessorImpl.invoke(DelegatingMethodAccessorImpl.java:43) ~[na:1.8.0_171]
	at java.lang.reflect.Method.invoke(Method.java:498) ~[na:1.8.0_171]
	at com.alibaba.dubbo.config.AbstractConfig.toString(AbstractConfig.java:474) ~[dubbo-2.6.2.jar:2.6.2]
	at java.lang.String.valueOf(String.java:2994) [na:1.8.0_171]
	at java.lang.StringBuilder.append(StringBuilder.java:131) [na:1.8.0_171]
	at com.alibaba.dubbo.config.spring.beans.factory.annotation.AbstractAnnotationConfigBeanBuilder.build(AbstractAnnotationConfigBeanBuilder.java:79) [dubbo-2.6.2.jar:2.6.2]
	at com.alibaba.dubbo.config.spring.beans.factory.annotation.ReferenceAnnotationBeanPostProcessor.buildReferenceBean(ReferenceAnnotationBeanPostProcessor.java:385) [dubbo-2.6.2.jar:2.6.2]
	at com.alibaba.dubbo.config.spring.beans.factory.annotation.ReferenceAnnotationBeanPostProcessor.access$100(ReferenceAnnotationBeanPostProcessor.java:65) [dubbo-2.6.2.jar:2.6.2]
	at com.alibaba.dubbo.config.spring.beans.factory.annotation.ReferenceAnnotationBeanPostProcessor$ReferenceFieldElement.inject(ReferenceAnnotationBeanPostProcessor.java:363) [dubbo-2.6.2.jar:2.6.2]
	at org.springframework.beans.factory.annotation.InjectionMetadata.inject(InjectionMetadata.java:90) [spring-beans-5.1.9.RELEASE.jar:5.1.9.RELEASE]
	at com.alibaba.dubbo.config.spring.beans.factory.annotation.ReferenceAnnotationBeanPostProcessor.postProcessPropertyValues(ReferenceAnnotationBeanPostProcessor.java:92) [dubbo-2.6.2.jar:2.6.2]
	at org.springframework.beans.factory.support.AbstractAutowireCapableBeanFactory.populateBean(AbstractAutowireCapableBeanFactory.java:1416) [spring-beans-5.1.9.RELEASE.jar:5.1.9.RELEASE]
	at org.springframework.beans.factory.support.AbstractAutowireCapableBeanFactory.autowireBeanProperties(AbstractAutowireCapableBeanFactory.java:391) [spring-beans-5.1.9.RELEASE.jar:5.1.9.RELEASE]
	at org.springframework.test.context.support.DependencyInjectionTestExecutionListener.injectDependencies(DependencyInjectionTestExecutionListener.java:119) [spring-test-5.1.9.RELEASE.jar:5.1.9.RELEASE]
	at org.springframework.test.context.support.DependencyInjectionTestExecutionListener.prepareTestInstance(DependencyInjectionTestExecutionListener.java:83) [spring-test-5.1.9.RELEASE.jar:5.1.9.RELEASE]
	at org.springframework.boot.test.autoconfigure.SpringBootDependencyInjectionTestExecutionListener.prepareTestInstance(SpringBootDependencyInjectionTestExecutionListener.java:43) [spring-boot-test-autoconfigure-2.1.8.RELEASE.jar:2.1.8.RELEASE]
	at org.springframework.test.context.TestContextManager.prepareTestInstance(TestContextManager.java:246) [spring-test-5.1.9.RELEASE.jar:5.1.9.RELEASE]
	at org.springframework.test.context.junit4.SpringJUnit4ClassRunner.createTest(SpringJUnit4ClassRunner.java:227) [spring-test-5.1.9.RELEASE.jar:5.1.9.RELEASE]
	at org.springframework.test.context.junit4.SpringJUnit4ClassRunner$1.runReflectiveCall(SpringJUnit4ClassRunner.java:289) [spring-test-5.1.9.RELEASE.jar:5.1.9.RELEASE]
	at org.junit.internal.runners.model.ReflectiveCallable.run(ReflectiveCallable.java:12) [junit-4.12.jar:4.12]
	at org.springframework.test.context.junit4.SpringJUnit4ClassRunner.methodBlock(SpringJUnit4ClassRunner.java:291) [spring-test-5.1.9.RELEASE.jar:5.1.9.RELEASE]
	at org.springframework.test.context.junit4.SpringJUnit4ClassRunner.runChild(SpringJUnit4ClassRunner.java:246) [spring-test-5.1.9.RELEASE.jar:5.1.9.RELEASE]
	at org.springframework.test.context.junit4.SpringJUnit4ClassRunner.runChild(SpringJUnit4ClassRunner.java:97) [spring-test-5.1.9.RELEASE.jar:5.1.9.RELEASE]
	at org.junit.runners.ParentRunner$3.run(ParentRunner.java:290) [junit-4.12.jar:4.12]
	at org.junit.runners.ParentRunner$1.schedule(ParentRunner.java:71) [junit-4.12.jar:4.12]
	at org.junit.runners.ParentRunner.runChildren(ParentRunner.java:288) [junit-4.12.jar:4.12]
	at org.junit.runners.ParentRunner.access$000(ParentRunner.java:58) [junit-4.12.jar:4.12]
	at org.junit.runners.ParentRunner$2.evaluate(ParentRunner.java:268) [junit-4.12.jar:4.12]
	at org.springframework.test.context.junit4.statements.RunBeforeTestClassCallbacks.evaluate(RunBeforeTestClassCallbacks.java:61) [spring-test-5.1.9.RELEASE.jar:5.1.9.RELEASE]
	at org.springframework.test.context.junit4.statements.RunAfterTestClassCallbacks.evaluate(RunAfterTestClassCallbacks.java:70) [spring-test-5.1.9.RELEASE.jar:5.1.9.RELEASE]
	at org.junit.runners.ParentRunner.run(ParentRunner.java:363) [junit-4.12.jar:4.12]
	at org.springframework.test.context.junit4.SpringJUnit4ClassRunner.run(SpringJUnit4ClassRunner.java:190) [spring-test-5.1.9.RELEASE.jar:5.1.9.RELEASE]
	at org.apache.maven.surefire.junit4.JUnit4Provider.execute(JUnit4Provider.java:365) [surefire-junit4-2.22.2.jar:2.22.2]
	at org.apache.maven.surefire.junit4.JUnit4Provider.executeWithRerun(JUnit4Provider.java:273) [surefire-junit4-2.22.2.jar:2.22.2]
	at org.apache.maven.surefire.junit4.JUnit4Provider.executeTestSet(JUnit4Provider.java:238) [surefire-junit4-2.22.2.jar:2.22.2]
	at org.apache.maven.surefire.junit4.JUnit4Provider.invoke(JUnit4Provider.java:159) [surefire-junit4-2.22.2.jar:2.22.2]
	at org.apache.maven.surefire.booter.ForkedBooter.invokeProviderInSameClassLoader(ForkedBooter.java:384) [surefire-booter-2.22.2.jar:2.22.2]
	at org.apache.maven.surefire.booter.ForkedBooter.runSuitesInProcess(ForkedBooter.java:345) [surefire-booter-2.22.2.jar:2.22.2]
	at org.apache.maven.surefire.booter.ForkedBooter.execute(ForkedBooter.java:126) [surefire-booter-2.22.2.jar:2.22.2]
	at org.apache.maven.surefire.booter.ForkedBooter.main(ForkedBooter.java:418) [surefire-booter-2.22.2.jar:2.22.2]
Caused by: com.alibaba.dubbo.rpc.RpcException: Fail to create remoting client for service(dubbo://localhost:10443/com.enter.print.service.TestService?application=enter-print-1&codec=dubbo&dubbo=2.6.2&heartbeat=60000&interface=com.enter.print.service.TestService&methods=test&pid=14804&register.ip=192.168.56.1&revision=1.0.0&side=consumer&timestamp=1570353463756&version=1.0): client(url: dubbo://localhost:10443/com.enter.print.service.TestService?application=enter-print-1&codec=dubbo&dubbo=2.6.2&heartbeat=60000&interface=com.enter.print.service.TestService&methods=test&pid=14804&register.ip=192.168.56.1&revision=1.0.0&side=consumer&timestamp=1570353463756&version=1.0) failed to connect to server localhost/127.0.0.1:10443, error message is:Connection refused: no further information
	at com.alibaba.dubbo.rpc.protocol.dubbo.DubboProtocol.initClient(DubboProtocol.java:412) ~[dubbo-2.6.2.jar:2.6.2]
	at com.alibaba.dubbo.rpc.protocol.dubbo.DubboProtocol.getSharedClient(DubboProtocol.java:377) ~[dubbo-2.6.2.jar:2.6.2]
	at com.alibaba.dubbo.rpc.protocol.dubbo.DubboProtocol.getClients(DubboProtocol.java:354) ~[dubbo-2.6.2.jar:2.6.2]
	at com.alibaba.dubbo.rpc.protocol.dubbo.DubboProtocol.refer(DubboProtocol.java:336) ~[dubbo-2.6.2.jar:2.6.2]
	at com.alibaba.dubbo.rpc.protocol.ProtocolFilterWrapper.refer(ProtocolFilterWrapper.java:108) ~[dubbo-2.6.2.jar:2.6.2]
	at com.alibaba.dubbo.rpc.protocol.ProtocolListenerWrapper.refer(ProtocolListenerWrapper.java:67) ~[dubbo-2.6.2.jar:2.6.2]
	at com.alibaba.dubbo.qos.protocol.QosProtocolWrapper.refer(QosProtocolWrapper.java:65) ~[dubbo-2.6.2.jar:2.6.2]
	at com.alibaba.dubbo.rpc.Protocol$Adaptive.refer(Protocol$Adaptive.java) ~[dubbo-2.6.2.jar:2.6.2]
	at com.alibaba.dubbo.config.ReferenceConfig.createProxy(ReferenceConfig.java:394) ~[dubbo-2.6.2.jar:2.6.2]
	at com.alibaba.dubbo.config.ReferenceConfig.init(ReferenceConfig.java:333) ~[dubbo-2.6.2.jar:2.6.2]
	at com.alibaba.dubbo.config.ReferenceConfig.get(ReferenceConfig.java:163) ~[dubbo-2.6.2.jar:2.6.2]
	at com.alibaba.dubbo.config.spring.ReferenceBean.getObject(ReferenceBean.java:66) ~[dubbo-2.6.2.jar:2.6.2]
	... 42 common frames omitted
Caused by: com.alibaba.dubbo.remoting.RemotingException: client(url: dubbo://localhost:10443/com.enter.print.service.TestService?application=enter-print-1&codec=dubbo&dubbo=2.6.2&heartbeat=60000&interface=com.enter.print.service.TestService&methods=test&pid=14804&register.ip=192.168.56.1&revision=1.0.0&side=consumer&timestamp=1570353463756&version=1.0) failed to connect to server localhost/127.0.0.1:10443, error message is:Connection refused: no further information
	at com.alibaba.dubbo.remoting.transport.netty.NettyClient.doConnect(NettyClient.java:124) ~[dubbo-2.6.2.jar:2.6.2]
	at com.alibaba.dubbo.remoting.transport.AbstractClient.connect(AbstractClient.java:275) ~[dubbo-2.6.2.jar:2.6.2]
	at com.alibaba.dubbo.remoting.transport.AbstractClient.<init>(AbstractClient.java:89) ~[dubbo-2.6.2.jar:2.6.2]
	at com.alibaba.dubbo.remoting.transport.netty.NettyClient.<init>(NettyClient.java:59) ~[dubbo-2.6.2.jar:2.6.2]
	at com.alibaba.dubbo.remoting.transport.netty.NettyTransporter.connect(NettyTransporter.java:37) ~[dubbo-2.6.2.jar:2.6.2]
	at com.alibaba.dubbo.remoting.Transporter$Adaptive.connect(Transporter$Adaptive.java) ~[dubbo-2.6.2.jar:2.6.2]
	at com.alibaba.dubbo.remoting.Transporters.connect(Transporters.java:75) ~[dubbo-2.6.2.jar:2.6.2]
	at com.alibaba.dubbo.remoting.exchange.support.header.HeaderExchanger.connect(HeaderExchanger.java:39) ~[dubbo-2.6.2.jar:2.6.2]
	at com.alibaba.dubbo.remoting.exchange.Exchangers.connect(Exchangers.java:109) ~[dubbo-2.6.2.jar:2.6.2]
	at com.alibaba.dubbo.rpc.protocol.dubbo.DubboProtocol.initClient(DubboProtocol.java:409) ~[dubbo-2.6.2.jar:2.6.2]
	... 53 common frames omitted
Caused by: java.net.ConnectException: Connection refused: no further information
	at sun.nio.ch.SocketChannelImpl.checkConnect(Native Method) ~[na:1.8.0_171]
	at sun.nio.ch.SocketChannelImpl.finishConnect(SocketChannelImpl.java:717) ~[na:1.8.0_171]
	at org.jboss.netty.channel.socket.nio.NioClientSocketPipelineSink$Boss.connect(NioClientSocketPipelineSink.java:384) ~[netty-3.2.5.Final.jar:na]
	at org.jboss.netty.channel.socket.nio.NioClientSocketPipelineSink$Boss.processSelectedKeys(NioClientSocketPipelineSink.java:354) ~[netty-3.2.5.Final.jar:na]
	at org.jboss.netty.channel.socket.nio.NioClientSocketPipelineSink$Boss.run(NioClientSocketPipelineSink.java:276) ~[netty-3.2.5.Final.jar:na]
	at java.util.concurrent.ThreadPoolExecutor.runWorker(ThreadPoolExecutor.java:1149) ~[na:1.8.0_171]
	at java.util.concurrent.ThreadPoolExecutor$Worker.run(ThreadPoolExecutor.java:624) ~[na:1.8.0_171]
	at java.lang.Thread.run(Thread.java:748) ~[na:1.8.0_171]

2019-10-06 17:17:44.967  INFO 14804 --- [main] c.a.d.c.s.b.f.a.ReferenceBeanBuilder     : <dubbo:reference singleton="true" url="dubbo://localhost:10443" uniqueServiceName="com.enter.print.service.TestService:1.0" interface="com.enter.print.service.TestService" generic="false" version="1.0" id="com.enter.print.service.TestService" /> has been built.
2019-10-06 17:17:45.246  INFO 14804 --- [DubboShutdownHook] com.alibaba.dubbo.config.AbstractConfig  :  [DUBBO] Run shutdown hook now., dubbo version: 2.6.2, current host: 192.168.56.1
2019-10-06 17:17:45.250  INFO 14804 --- [DubboShutdownHook] c.a.d.r.support.AbstractRegistryFactory  :  [DUBBO] Close all registries [], dubbo version: 2.6.2, current host: 192.168.56.1
2019-10-06 17:17:45.254  INFO 14804 --- [Thread-2] o.s.s.concurrent.ThreadPoolTaskExecutor  : Shutting down ExecutorService 'applicationTaskExecutor'
2019-10-06 17:17:45.281  INFO 14804 --- [Thread-2] f.a.ReferenceAnnotationBeanPostProcessor : <dubbo:reference singleton="true" url="dubbo://localhost:10443" uniqueServiceName="com.enter.print.service.TestService:1.0" interface="com.enter.print.service.TestService" generic="false" version="1.0" id="com.enter.print.service.TestService" /> was destroying!
2019-10-06 17:17:45.282  INFO 14804 --- [Thread-2] f.a.ReferenceAnnotationBeanPostProcessor : class com.alibaba.dubbo.config.spring.beans.factory.annotation.ReferenceAnnotationBeanPostProcessor was destroying!
